.\Release\WSView.tlb
C:\projects\wsview\.\Release\WSView.ocx
C:\projects\wsview\.\Release\WSView.ocx.intermediate.manifest
C:\PROJECTS\WSVIEW\RELEASE\2DTRANSFORM.OBJ
C:\PROJECTS\WSVIEW\RELEASE\3DTRANSFORMATION.OBJ
C:\PROJECTS\WSVIEW\RELEASE\BAROMEASUREDLG.OBJ
C:\PROJECTS\WSVIEW\RELEASE\BAROPOINT.OBJ
C:\PROJECTS\WSVIEW\RELEASE\BAROTRACE.OBJ
C:\PROJECTS\WSVIEW\RELEASE\BAROTRACEGROUP.OBJ
C:\PROJECTS\WSVIEW\RELEASE\BAROZOOM.OBJ
C:\projects\wsview\Release\cl.command.1.tlog
C:\projects\wsview\Release\CL.read.1.tlog
C:\projects\wsview\Release\CL.write.1.tlog
C:\PROJECTS\WSVIEW\RELEASE\CONTROLPOINT.OBJ
C:\PROJECTS\WSVIEW\RELEASE\CURSOR.OBJ
C:\PROJECTS\WSVIEW\RELEASE\FIX.OBJ
C:\PROJECTS\WSVIEW\RELEASE\FONTCOMBO.OBJ
C:\PROJECTS\WSVIEW\RELEASE\HITLIST.OBJ
C:\projects\wsview\Release\link.command.1.tlog
C:\projects\wsview\Release\link.read.1.tlog
C:\projects\wsview\Release\link.write.1.tlog
C:\projects\wsview\Release\link-cvtres.read.1.tlog
C:\projects\wsview\Release\link-cvtres.write.1.tlog
C:\PROJECTS\WSVIEW\RELEASE\LOCATION.OBJ
C:\PROJECTS\WSVIEW\RELEASE\MEASURINGDLG.OBJ
C:\projects\wsview\Release\midl.command.1.tlog
C:\projects\wsview\Release\midl.read.1.tlog
C:\projects\wsview\Release\midl.write.1.tlog
C:\projects\wsview\Release\midl-midlc.read.1.tlog
C:\projects\wsview\Release\midl-midlc.write.1.tlog
C:\projects\wsview\Release\midl-midlc-cl.read.1.tlog
C:\PROJECTS\WSVIEW\RELEASE\MODULVER.OBJ
C:\projects\wsview\Release\mt.command.1.tlog
C:\projects\wsview\Release\mt.read.1.tlog
C:\projects\wsview\Release\mt.write.1.tlog
C:\projects\wsview\Release\rc.command.1.tlog
C:\projects\wsview\Release\rc.read.1.tlog
C:\projects\wsview\Release\rc.write.1.tlog
C:\projects\wsview\Release\regsvr32.trg
C:\PROJECTS\WSVIEW\RELEASE\STDAFX.OBJ
C:\PROJECTS\WSVIEW\RELEASE\SUA.OBJ
C:\PROJECTS\WSVIEW\RELEASE\TIPWND.OBJ
C:\PROJECTS\WSVIEW\RELEASE\TRACE.OBJ
C:\PROJECTS\WSVIEW\RELEASE\TRACEGROUP.OBJ
C:\PROJECTS\WSVIEW\RELEASE\TRACESPROPPAGE.OBJ
C:\PROJECTS\WSVIEW\RELEASE\VC100.PDB
C:\PROJECTS\WSVIEW\RELEASE\WSBAROCTL.OBJ
C:\PROJECTS\WSVIEW\RELEASE\WSBAROPPG.OBJ
C:\projects\wsview\Release\WSView.exp
C:\projects\wsview\Release\WSView.lib
C:\PROJECTS\WSVIEW\RELEASE\WSVIEW.OBJ
C:\PROJECTS\WSVIEW\RELEASE\WSVIEW.OCX
C:\PROJECTS\WSVIEW\RELEASE\WSVIEW.OCX.INTERMEDIATE.MANIFEST
C:\PROJECTS\WSVIEW\RELEASE\WSVIEW.PCH
C:\PROJECTS\WSVIEW\RELEASE\WSVIEW.RES
C:\PROJECTS\WSVIEW\RELEASE\WSVIEW.TLB
C:\projects\wsview\Release\WSView.vcxprojResolveAssemblyReference.cache
C:\projects\wsview\Release\WSView.write.1.tlog
C:\PROJECTS\WSVIEW\RELEASE\WSVIEWABOUTDLG.OBJ
C:\PROJECTS\WSVIEW\RELEASE\WSVIEWCTL.OBJ
C:\PROJECTS\WSVIEW\RELEASE\WSVIEWINTERFACE.OBJ
C:\PROJECTS\WSVIEW\RELEASE\WSVIEWPPG.OBJ
C:\PROJECTS\WSVIEW\RELEASE\XYZOOM.OBJ
C:\PROJECTS\WSVIEW\WSVIEW_H.H
C:\PROJECTS\WSVIEW\WSVIEW_I.C
